/*C8*/SET SCHEMA PUBLIC
DISCONNECT
/*C13*/SET SCHEMA PUBLIC
DELETE FROM MUSICA WHERE ID=90
INSERT INTO MUSICA VALUES(90,'/home/rudieri/M\u00fasica/M\u00fasicas/Black Sabbath/Black Sabbath - Sabbath Bloody Sabbath/02 - A National Acrobat.mp3','A National Acrobat','Black Sabbath','Metal','Sabbath Bloody Sabbath',NULL,374178,0,1278435078000)
COMMIT
/*C10*/SET SCHEMA PUBLIC
DISCONNECT
/*C13*/DISCONNECT
/*C14*/SET SCHEMA PUBLIC
DISCONNECT
/*C11*/SET SCHEMA PUBLIC
DISCONNECT
/*C12*/SET SCHEMA PUBLIC
DISCONNECT
/*C17*/SET SCHEMA PUBLIC
DELETE FROM MUSICA WHERE ID=1520
INSERT INTO MUSICA VALUES(1520,'/home/rudieri/M\u00fasica/M\u00fasicas/Led Zeppelin/Led Zeppelin - Discography (MP3@320Kbps)/Led Zeppelin - In Through The Out Door (1979) {1994 Remaster}/06 - All My Love.mp3','All My Love','Led Zeppelin','Blues','In Through The Out Door (1994',NULL,356571,0,1218356648000)
COMMIT
/*C18*/SET SCHEMA PUBLIC
DISCONNECT
/*C27*/SET SCHEMA PUBLIC
DISCONNECT
/*C26*/SET SCHEMA PUBLIC
DISCONNECT
/*C24*/SET SCHEMA PUBLIC
DISCONNECT
/*C25*/SET SCHEMA PUBLIC
DISCONNECT
/*C22*/SET SCHEMA PUBLIC
DISCONNECT
/*C23*/SET SCHEMA PUBLIC
DISCONNECT
/*C15*/SET SCHEMA PUBLIC
DISCONNECT
/*C21*/SET SCHEMA PUBLIC
DISCONNECT
/*C19*/SET SCHEMA PUBLIC
DISCONNECT
/*C20*/SET SCHEMA PUBLIC
DISCONNECT
/*C16*/SET SCHEMA PUBLIC
DISCONNECT
/*C17*/DISCONNECT
/*C38*/SET SCHEMA PUBLIC
DISCONNECT
/*C39*/SET SCHEMA PUBLIC
DISCONNECT
/*C40*/SET SCHEMA PUBLIC
DISCONNECT
/*C50*/SET SCHEMA PUBLIC
DELETE FROM MUSICA WHERE ID=1520
INSERT INTO MUSICA VALUES(1520,'/home/rudieri/M\u00fasica/M\u00fasicas/Led Zeppelin/Led Zeppelin - Discography (MP3@320Kbps)/Led Zeppelin - In Through The Out Door (1979) {1994 Remaster}/06 - All My Love.mp3','All My Love','Led Zeppelin','Blues','In Through The Out Door (1994',NULL,356571,1,1218356648000)
COMMIT
/*C34*/SET SCHEMA PUBLIC
DISCONNECT
/*C49*/SET SCHEMA PUBLIC
DISCONNECT
/*C50*/DISCONNECT
/*C46*/SET SCHEMA PUBLIC
DISCONNECT
/*C47*/SET SCHEMA PUBLIC
DISCONNECT
/*C48*/SET SCHEMA PUBLIC
DISCONNECT
/*C43*/SET SCHEMA PUBLIC
DISCONNECT
/*C44*/SET SCHEMA PUBLIC
DISCONNECT
/*C45*/SET SCHEMA PUBLIC
DISCONNECT
/*C41*/SET SCHEMA PUBLIC
DISCONNECT
/*C42*/SET SCHEMA PUBLIC
DISCONNECT
/*C35*/SET SCHEMA PUBLIC
DISCONNECT
/*C36*/SET SCHEMA PUBLIC
DISCONNECT
/*C37*/SET SCHEMA PUBLIC
DISCONNECT
/*C32*/SET SCHEMA PUBLIC
DISCONNECT
/*C33*/SET SCHEMA PUBLIC
DISCONNECT
/*C30*/SET SCHEMA PUBLIC
DISCONNECT
/*C31*/SET SCHEMA PUBLIC
DISCONNECT
/*C28*/SET SCHEMA PUBLIC
DISCONNECT
/*C29*/SET SCHEMA PUBLIC
DISCONNECT
